<?xml version="1.0" encoding="UTF-8"?>
<!-- Generated by org.testng.reporters.JUnitReportReporter -->
<testsuite hostname="LTIN274679" failures="0" tests="1" name="testcases.TC_004_allapps_and_tools" time="6.112" errors="0" timestamp="2024-02-15T14:34:25 IST" skipped="0">
  <testcase classname="testcases.TC_004_allapps_and_tools" name="apps_tools" time="6.112"/>
  <system-out/>
</testsuite> <!-- testcases.TC_004_allapps_and_tools -->
