<?xml version="1.0" encoding="UTF-8"?>
<!-- Generated by org.testng.reporters.JUnitReportReporter -->
<testsuite hostname="LTIN274679" failures="0" tests="1" name="testcases.TC_002_newsAndCount" time="23.867" errors="0" timestamp="2024-02-15T14:34:25 IST" skipped="0">
  <testcase classname="testcases.TC_002_newsAndCount" name="news_details" time="23.867"/>
  <system-out/>
</testsuite> <!-- testcases.TC_002_newsAndCount -->
