<?xml version="1.0" encoding="UTF-8"?>
<!-- Generated by org.testng.reporters.JUnitReportReporter -->
<testsuite hostname="LTIN274679" failures="0" tests="1" name="testcases.TC_003_clickNewsAndValidating" time="18.221" errors="0" timestamp="2024-02-15T14:34:25 IST" skipped="0">
  <testcase classname="testcases.TC_003_clickNewsAndValidating" name="clicking_news" time="18.221"/>
  <system-out/>
</testsuite> <!-- testcases.TC_003_clickNewsAndValidating -->
